<?xml version="1.0" encoding="UTF-8"?>
<testsuite xmlns:xsi="http://www.w3.org/2001/XMLSchema-instance" xsi:noNamespaceSchemaLocation="https://maven.apache.org/surefire/maven-surefire-plugin/xsd/surefire-test-report.xsd" name="org.jfree.data.test.QuarterClassTest" time="0.057" tests="31" errors="0" skipped="0" failures="0">
  <properties>
    <property name="java.specification.version" value="17"/>
    <property name="sun.jnu.encoding" value="UTF-8"/>
    <property name="java.class.path" value="/home/malak/ME/Projects/JFreeChart-UnitTesting/JFreeChart/target/test-classes:/home/malak/ME/Projects/JFreeChart-UnitTesting/JFreeChart/target/classes:/home/malak/.m2/repository/org/jfree/jfreechart/1.5.3/jfreechart-1.5.3.jar:/home/malak/.m2/repository/junit/junit/4.13.2/junit-4.13.2.jar:/home/malak/.m2/repository/org/hamcrest/hamcrest-core/1.3/hamcrest-core-1.3.jar:"/>
    <property name="java.vm.vendor" value="Red Hat, Inc."/>
    <property name="sun.arch.data.model" value="64"/>
    <property name="java.vendor.url" value="https://www.redhat.com/"/>
    <property name="user.timezone" value="UTC"/>
    <property name="os.name" value="Linux"/>
    <property name="java.vm.specification.version" value="17"/>
    <property name="sun.java.launcher" value="SUN_STANDARD"/>
    <property name="user.country" value="US"/>
    <property name="sun.boot.library.path" value="/usr/lib/jvm/java-17-openjdk-17.0.14.0.7-2.el9.x86_64/lib"/>
    <property name="sun.java.command" value="/home/malak/ME/Projects/JFreeChart-UnitTesting/JFreeChart/target/surefire/surefirebooter3776577337957827005.jar /home/malak/ME/Projects/JFreeChart-UnitTesting/JFreeChart/target/surefire 2025-05-25T14-46-03_806-jvmRun1 surefire8938809485540849050tmp surefire_011228133498289717898tmp"/>
    <property name="jdk.debug" value="release"/>
    <property name="surefire.test.class.path" value="/home/malak/ME/Projects/JFreeChart-UnitTesting/JFreeChart/target/test-classes:/home/malak/ME/Projects/JFreeChart-UnitTesting/JFreeChart/target/classes:/home/malak/.m2/repository/org/jfree/jfreechart/1.5.3/jfreechart-1.5.3.jar:/home/malak/.m2/repository/junit/junit/4.13.2/junit-4.13.2.jar:/home/malak/.m2/repository/org/hamcrest/hamcrest-core/1.3/hamcrest-core-1.3.jar:"/>
    <property name="sun.cpu.endian" value="little"/>
    <property name="user.home" value="/home/malak"/>
    <property name="user.language" value="en"/>
    <property name="java.specification.vendor" value="Oracle Corporation"/>
    <property name="java.version.date" value="2025-01-21"/>
    <property name="java.home" value="/usr/lib/jvm/java-17-openjdk-17.0.14.0.7-2.el9.x86_64"/>
    <property name="file.separator" value="/"/>
    <property name="basedir" value="/home/malak/ME/Projects/JFreeChart-UnitTesting/JFreeChart"/>
    <property name="java.vm.compressedOopsMode" value="Zero based"/>
    <property name="line.separator" value="&#10;"/>
    <property name="java.specification.name" value="Java Platform API Specification"/>
    <property name="java.vm.specification.vendor" value="Oracle Corporation"/>
    <property name="surefire.real.class.path" value="/home/malak/ME/Projects/JFreeChart-UnitTesting/JFreeChart/target/surefire/surefirebooter3776577337957827005.jar"/>
    <property name="sun.management.compiler" value="HotSpot 64-Bit Tiered Compilers"/>
    <property name="java.runtime.version" value="17.0.14+7-LTS"/>
    <property name="user.name" value="malak"/>
    <property name="path.separator" value=":"/>
    <property name="os.version" value="5.14.0-583.el9.x86_64"/>
    <property name="java.runtime.name" value="OpenJDK Runtime Environment"/>
    <property name="file.encoding" value="UTF-8"/>
    <property name="java.vm.name" value="OpenJDK 64-Bit Server VM"/>
    <property name="java.vendor.version" value="(Red_Hat-17.0.14.0.7-1)"/>
    <property name="localRepository" value="/home/malak/.m2/repository"/>
    <property name="java.vendor.url.bug" value="https://access.redhat.com/support/cases/"/>
    <property name="java.io.tmpdir" value="/tmp"/>
    <property name="java.version" value="17.0.14"/>
    <property name="user.dir" value="/home/malak/ME/Projects/JFreeChart-UnitTesting/JFreeChart"/>
    <property name="os.arch" value="amd64"/>
    <property name="java.vm.specification.name" value="Java Virtual Machine Specification"/>
    <property name="native.encoding" value="UTF-8"/>
    <property name="java.library.path" value="/usr/java/packages/lib:/usr/lib64:/lib64:/lib:/usr/lib"/>
    <property name="java.vm.info" value="mixed mode, sharing"/>
    <property name="java.vendor" value="Red Hat, Inc."/>
    <property name="java.vm.version" value="17.0.14+7-LTS"/>
    <property name="java.specification.maintenance.version" value="1"/>
    <property name="sun.io.unicode.encoding" value="UnicodeLittle"/>
    <property name="java.class.version" value="61.0"/>
  </properties>
  <testcase name="testCompareTo1" classname="org.jfree.data.test.QuarterClassTest" time="0.016"/>
  <testcase name="testCompareTo2" classname="org.jfree.data.test.QuarterClassTest" time="0"/>
  <testcase name="testCompareTo3" classname="org.jfree.data.test.QuarterClassTest" time="0"/>
  <testcase name="testNext1" classname="org.jfree.data.test.QuarterClassTest" time="0"/>
  <testcase name="testNext2" classname="org.jfree.data.test.QuarterClassTest" time="0.001"/>
  <testcase name="testToString" classname="org.jfree.data.test.QuarterClassTest" time="0"/>
  <testcase name="testGetFirstMilisecond1" classname="org.jfree.data.test.QuarterClassTest" time="0"/>
  <testcase name="testQuarterDefaultCtor" classname="org.jfree.data.test.QuarterClassTest" time="0.001"/>
  <testcase name="testGetYear" classname="org.jfree.data.test.QuarterClassTest" time="0"/>
  <testcase name="testParseQuarter" classname="org.jfree.data.test.QuarterClassTest" time="0"/>
  <testcase name="testPrevious1" classname="org.jfree.data.test.QuarterClassTest" time="0.001"/>
  <testcase name="testPrevious2" classname="org.jfree.data.test.QuarterClassTest" time="0"/>
  <testcase name="testQuarterCtor1" classname="org.jfree.data.test.QuarterClassTest" time="0"/>
  <testcase name="testQuarterCtor2" classname="org.jfree.data.test.QuarterClassTest" time="0"/>
  <testcase name="testQuarterCtor3" classname="org.jfree.data.test.QuarterClassTest" time="0.001"/>
  <testcase name="testQuarterCtor4" classname="org.jfree.data.test.QuarterClassTest" time="0.001"/>
  <testcase name="testQuarterCtor5" classname="org.jfree.data.test.QuarterClassTest" time="0"/>
  <testcase name="testQuarterCtor6" classname="org.jfree.data.test.QuarterClassTest" time="0.001"/>
  <testcase name="testGetLastMillisecond1" classname="org.jfree.data.test.QuarterClassTest" time="0"/>
  <testcase name="testGetLastMillisecond2" classname="org.jfree.data.test.QuarterClassTest" time="0"/>
  <testcase name="testHashCode1" classname="org.jfree.data.test.QuarterClassTest" time="0.001"/>
  <testcase name="testHashCode2" classname="org.jfree.data.test.QuarterClassTest" time="0"/>
  <testcase name="testHashCode3" classname="org.jfree.data.test.QuarterClassTest" time="0"/>
  <testcase name="testHashCode4" classname="org.jfree.data.test.QuarterClassTest" time="0"/>
  <testcase name="testGetQuarter" classname="org.jfree.data.test.QuarterClassTest" time="0"/>
  <testcase name="testGetFirstMillisecond2" classname="org.jfree.data.test.QuarterClassTest" time="0"/>
  <testcase name="testGetFirstMillisecond3" classname="org.jfree.data.test.QuarterClassTest" time="0"/>
  <testcase name="testGetFirstMillisecond4" classname="org.jfree.data.test.QuarterClassTest" time="0"/>
  <testcase name="testEquals" classname="org.jfree.data.test.QuarterClassTest" time="0"/>
  <testcase name="testGetSerialIndex1" classname="org.jfree.data.test.QuarterClassTest" time="0"/>
  <testcase name="testGetSerialIndex2" classname="org.jfree.data.test.QuarterClassTest" time="0"/>
</testsuite>